<?xml version="1.0" encoding="UTF-8"?>
<!-- Generated by org.testng.reporters.JUnitXMLReporter -->
<testsuite hostname="WorkPC" ignored="2" name="Default test" tests="5" failures="0" timestamp="27 Dec 2022 07:27:05 GMT" time="157.974" errors="0">
  <testcase name="patient_modules" time="13.069" classname="SubscriptionFeatures.Lite_package"/>
  <testcase name="calendar_module" time="30.842" classname="SubscriptionFeatures.Lite_package"/>
  <testcase name="billing_module" time="13.79" classname="SubscriptionFeatures.Lite_package"/>
  <testcase name="tele_doctor" time="8.134" classname="SubscriptionFeatures.Lite_package"/>
  <testcase name="settings_Module" time="61.171" classname="SubscriptionFeatures.Lite_package"/>
  <testcase name="ehr_module" time="0.0" classname="SubscriptionFeatures.Lite_package">
    <ignored/>
  </testcase> <!-- ehr_module -->
  <testcase name="home" time="0.0" classname="SubscriptionFeatures.Lite_package">
    <ignored/>
  </testcase> <!-- home -->
</testsuite> <!-- Default test -->
