<?xml version="1.0" encoding="UTF-8"?>
<!-- Generated by org.testng.reporters.JUnitXMLReporter -->
<testsuite hostname="LAPTOP-Q33L4MJO" ignored="5" name="Default test" tests="1" failures="0" timestamp="22 Mar 2023 14:58:26 GMT" time="46.791" errors="0">
  <testcase name="Settings" time="46.659" classname="org.patientLogin.PatientInfo"/>
  <testcase name="appointmentPatient" time="0.0" classname="org.patientLogin.PatientInfo">
    <ignored/>
  </testcase> <!-- appointmentPatient -->
  <testcase name="appointment" time="0.0" classname="org.patientLogin.PatientInfo">
    <ignored/>
  </testcase> <!-- appointment -->
  <testcase name="healthRecord" time="0.0" classname="org.patientLogin.PatientInfo">
    <ignored/>
  </testcase> <!-- healthRecord -->
  <testcase name="billing" time="0.0" classname="org.patientLogin.PatientInfo">
    <ignored/>
  </testcase> <!-- billing -->
  <testcase name="message" time="0.0" classname="org.patientLogin.PatientInfo">
    <ignored/>
  </testcase> <!-- message -->
</testsuite> <!-- Default test -->
