<?xml version="1.0" encoding="UTF-8"?>
<!-- Generated by org.testng.reporters.JUnitXMLReporter -->
<testsuite hostname="LAPTOP-Q33L4MJO" ignored="1" name="Default test" tests="1" failures="0" timestamp="31 Mar 2023 07:24:11 GMT" time="105.572" errors="0">
  <testcase name="createNewPatient" time="105.531" classname="org.PageModules.TeleDoctor"/>
  <testcase name="callPatient" time="0.0" classname="org.PageModules.TeleDoctor">
    <ignored/>
  </testcase> <!-- callPatient -->
</testsuite> <!-- Default test -->
