<?xml version="1.0" encoding="UTF-8"?>
<!-- Generated by org.testng.reporters.JUnitXMLReporter -->
<testsuite hostname="WorkPC" ignored="4" name="Default test" tests="2" failures="0" timestamp="28 Dec 2022 14:42:54 GMT" time="66.099" errors="0">
  <testcase name="appointmentPatient" time="10.629" classname="org.patientLogin.PatientInfo"/>
  <testcase name="appointment" time="15.685" classname="org.patientLogin.PatientInfo"/>
  <testcase name="healthRecord" time="0.0" classname="org.patientLogin.PatientInfo">
    <ignored/>
  </testcase> <!-- healthRecord -->
  <testcase name="billing" time="0.0" classname="org.patientLogin.PatientInfo">
    <ignored/>
  </testcase> <!-- billing -->
  <testcase name="Settings" time="0.0" classname="org.patientLogin.PatientInfo">
    <ignored/>
  </testcase> <!-- Settings -->
  <testcase name="message" time="0.0" classname="org.patientLogin.PatientInfo">
    <ignored/>
  </testcase> <!-- message -->
</testsuite> <!-- Default test -->
