<?xml version="1.0" encoding="UTF-8"?>
<!-- Generated by org.testng.reporters.JUnitReportReporter -->
<testsuite name="org.selectyourPlan3D.InvalidCardCvcMonth" tests="3" time="6.121" ignored="4" failures="0" timestamp="01 Mar 2023 07:50:10 GMT" skipped="0" hostname="LAPTOP-Q33L4MJO" errors="3">
  <testcase name="postalFails" time="1.910" classname="org.selectyourPlan3D.InvalidCardCvcMonth">
    <error type="org.openqa.selenium.ElementClickInterceptedException" message="element click intercepted: Element &lt;button id=&quot;save_btn&quot; class=&quot;col-xs-7 col-xs-offset-2 col-md-4 col-md-offset-4 text-center paymentPageBtn paymentHover&quot; data-toggle=&quot;tooltip&quot; title=&quot;Update card and make payment&quot; style=&quot;text-decoration: none; cursor: pointer;&quot; tabindex=&quot;-1&quot;&gt;...&lt;/button&gt; is not clickable at point (860, 320). Other element would receive the click: &lt;iframe name=&quot;__privateStripeFrame76010&quot; frameborder=&quot;0&quot; allowtransparency=&quot;true&quot; scrolling=&quot;no&quot; role=&quot;presentation&quot; allow=&quot;payment *&quot; src=&quot;https://js.stripe.com/v3/authorize-with-url-inner-03bb35d5cb473a42a8edce87f3a6c31a.html#url=https%3A%2F%2Fhooks.stripe.com%2Fredirect%2Fauthenticate%2Fsrc_1MgkN8CItfxGAKpksENzQS7C%3Fclient_secret%3Dsrc_client_secret_fb1sswJw0Xx6F4AOOED7hE06%26source_redirect_slug%3Dtest_YWNjdF8xRFgwWlBDSXRmeEdBS3BrLF9OUmRlSFV3ZU1jZ21ZQVpJZU5XUVB0M3NJMmNaY3hS0100oIW09qs4&amp;amp;locale=en&amp;amp;intentId=pi_3MgkN4CItfxGAKpk17iNyo95&amp;amp;source=src_1MgkN8CItfxGAKpksENzQS7C&amp;amp;referrer=https%3A%2F%2Flocalhost%3A8443%2Fhealth%2F%23allPaymentServices&amp;amp;controllerId=__privateStripeController7601&quot; style=&quot;position: absolute !important; left: 0px !important; top: 0px !important; height: 100% !important; width: 100% !important;&quot; cd_frame_id_=&quot;ce70fadefe9efc1d33915b5c459507a2&quot;&gt;&lt;/iframe&gt;
  (Session info: chrome=110.0.5481.178)
Build info: version: &#039;3.141.59&#039;, revision: &#039;e82be7d358&#039;, time: &#039;2018-11-14T08:17:03&#039;
System info: host: &#039;LAPTOP-Q33L4MJO&#039;, ip: &#039;192.168.29.33&#039;, os.name: &#039;Windows 11&#039;, os.arch: &#039;amd64&#039;, os.version: &#039;10.0&#039;, java.version: &#039;1.8.0_331&#039;
Driver info: org.openqa.selenium.chrome.ChromeDriver
Capabilities {acceptInsecureCerts: false, browserName: chrome, browserVersion: 110.0.5481.178, chrome: {chromedriverVersion: 110.0.5481.77 (65ed616c6e8e..., userDataDir: C:\Users\keert\AppData\Loca...}, goog:chromeOptions: {debuggerAddress: localhost:59339}, javascriptEnabled: true, networkConnectionEnabled: false, pageLoadStrategy: normal, platform: WINDOWS, platformName: WINDOWS, proxy: Proxy(), setWindowRect: true, strictFileInteractability: false, timeouts: {implicit: 0, pageLoad: 300000, script: 30000}, unhandledPromptBehavior: dismiss and notify, webauthn:extension:credBlob: true, webauthn:extension:largeBlob: true, webauthn:virtualAuthenticators: true}
Session ID: 233360e8a50ca9de3a78815d332a36c5">
      <![CDATA[org.openqa.selenium.ElementClickInterceptedException: element click intercepted: Element <button id="save_btn" class="col-xs-7 col-xs-offset-2 col-md-4 col-md-offset-4 text-center paymentPageBtn paymentHover" data-toggle="tooltip" title="Update card and make payment" style="text-decoration: none; cursor: pointer;" tabindex="-1">...</button> is not clickable at point (860, 320). Other element would receive the click: <iframe name="__privateStripeFrame76010" frameborder="0" allowtransparency="true" scrolling="no" role="presentation" allow="payment *" src="https://js.stripe.com/v3/authorize-with-url-inner-03bb35d5cb473a42a8edce87f3a6c31a.html#url=https%3A%2F%2Fhooks.stripe.com%2Fredirect%2Fauthenticate%2Fsrc_1MgkN8CItfxGAKpksENzQS7C%3Fclient_secret%3Dsrc_client_secret_fb1sswJw0Xx6F4AOOED7hE06%26source_redirect_slug%3Dtest_YWNjdF8xRFgwWlBDSXRmeEdBS3BrLF9OUmRlSFV3ZU1jZ21ZQVpJZU5XUVB0M3NJMmNaY3hS0100oIW09qs4&amp;locale=en&amp;intentId=pi_3MgkN4CItfxGAKpk17iNyo95&amp;source=src_1MgkN8CItfxGAKpksENzQS7C&amp;referrer=https%3A%2F%2Flocalhost%3A8443%2Fhealth%2F%23allPaymentServices&amp;controllerId=__privateStripeController7601" style="position: absolute !important; left: 0px !important; top: 0px !important; height: 100% !important; width: 100% !important;" cd_frame_id_="ce70fadefe9efc1d33915b5c459507a2"></iframe>
  (Session info: chrome=110.0.5481.178)
Build info: version: '3.141.59', revision: 'e82be7d358', time: '2018-11-14T08:17:03'
System info: host: 'LAPTOP-Q33L4MJO', ip: '192.168.29.33', os.name: 'Windows 11', os.arch: 'amd64', os.version: '10.0', java.version: '1.8.0_331'
Driver info: org.openqa.selenium.chrome.ChromeDriver
Capabilities {acceptInsecureCerts: false, browserName: chrome, browserVersion: 110.0.5481.178, chrome: {chromedriverVersion: 110.0.5481.77 (65ed616c6e8e..., userDataDir: C:\Users\keert\AppData\Loca...}, goog:chromeOptions: {debuggerAddress: localhost:59339}, javascriptEnabled: true, networkConnectionEnabled: false, pageLoadStrategy: normal, platform: WINDOWS, platformName: WINDOWS, proxy: Proxy(), setWindowRect: true, strictFileInteractability: false, timeouts: {implicit: 0, pageLoad: 300000, script: 30000}, unhandledPromptBehavior: dismiss and notify, webauthn:extension:credBlob: true, webauthn:extension:largeBlob: true, webauthn:virtualAuthenticators: true}
Session ID: 233360e8a50ca9de3a78815d332a36c5
	at sun.reflect.NativeConstructorAccessorImpl.newInstance0(Native Method)
	at sun.reflect.NativeConstructorAccessorImpl.newInstance(Unknown Source)
	at sun.reflect.DelegatingConstructorAccessorImpl.newInstance(Unknown Source)
	at java.lang.reflect.Constructor.newInstance(Unknown Source)
	at org.openqa.selenium.remote.http.W3CHttpResponseCodec.createException(W3CHttpResponseCodec.java:187)
	at org.openqa.selenium.remote.http.W3CHttpResponseCodec.decode(W3CHttpResponseCodec.java:122)
	at org.openqa.selenium.remote.http.W3CHttpResponseCodec.decode(W3CHttpResponseCodec.java:49)
	at org.openqa.selenium.remote.HttpCommandExecutor.execute(HttpCommandExecutor.java:158)
	at org.openqa.selenium.remote.service.DriverCommandExecutor.execute(DriverCommandExecutor.java:83)
	at org.openqa.selenium.remote.RemoteWebDriver.execute(RemoteWebDriver.java:552)
	at org.openqa.selenium.remote.RemoteWebElement.execute(RemoteWebElement.java:285)
	at org.openqa.selenium.remote.RemoteWebElement.click(RemoteWebElement.java:84)
	at sun.reflect.NativeMethodAccessorImpl.invoke0(Native Method)
	at sun.reflect.NativeMethodAccessorImpl.invoke(Unknown Source)
	at sun.reflect.DelegatingMethodAccessorImpl.invoke(Unknown Source)
	at java.lang.reflect.Method.invoke(Unknown Source)
	at org.openqa.selenium.support.pagefactory.internal.LocatingElementHandler.invoke(LocatingElementHandler.java:51)
	at com.sun.proxy.$Proxy8.click(Unknown Source)
	at org.base.Base.click(Base.java:76)
	at org.selectyourPlan3D.InvalidCardCvcMonth.CheckFails(InvalidCardCvcMonth.java:36)
	at org.selectyourPlan3D.InvalidCardCvcMonth.postalFails(InvalidCardCvcMonth.java:86)
	at sun.reflect.NativeMethodAccessorImpl.invoke0(Native Method)
	at sun.reflect.NativeMethodAccessorImpl.invoke(Unknown Source)
	at sun.reflect.DelegatingMethodAccessorImpl.invoke(Unknown Source)
	at java.lang.reflect.Method.invoke(Unknown Source)
	at org.testng.internal.MethodInvocationHelper.invokeMethod(MethodInvocationHelper.java:104)
	at org.testng.internal.Invoker.invokeMethod(Invoker.java:645)
	at org.testng.internal.Invoker.invokeTestMethod(Invoker.java:851)
	at org.testng.internal.Invoker.invokeTestMethods(Invoker.java:1177)
	at org.testng.internal.TestMethodWorker.invokeTestMethods(TestMethodWorker.java:129)
	at org.testng.internal.TestMethodWorker.run(TestMethodWorker.java:112)
	at org.testng.TestRunner.privateRun(TestRunner.java:756)
	at org.testng.TestRunner.run(TestRunner.java:610)
	at org.testng.SuiteRunner.runTest(SuiteRunner.java:387)
	at org.testng.SuiteRunner.runSequentially(SuiteRunner.java:382)
	at org.testng.SuiteRunner.privateRun(SuiteRunner.java:340)
	at org.testng.SuiteRunner.run(SuiteRunner.java:289)
	at org.testng.SuiteRunnerWorker.runSuite(SuiteRunnerWorker.java:52)
	at org.testng.SuiteRunnerWorker.run(SuiteRunnerWorker.java:86)
	at org.testng.TestNG.runSuitesSequentially(TestNG.java:1293)
	at org.testng.TestNG.runSuitesLocally(TestNG.java:1218)
	at org.testng.TestNG.runSuites(TestNG.java:1133)
	at org.testng.TestNG.run(TestNG.java:1104)
	at org.testng.remote.AbstractRemoteTestNG.run(AbstractRemoteTestNG.java:115)
	at org.testng.remote.RemoteTestNG.initAndRun(RemoteTestNG.java:251)
	at org.testng.remote.RemoteTestNG.main(RemoteTestNG.java:77)
]]>
    </error>
  </testcase> <!-- postalFails -->
  <testcase name="cvcFails" time="2.235" classname="org.selectyourPlan3D.InvalidCardCvcMonth">
    <error type="org.openqa.selenium.ElementClickInterceptedException" message="element click intercepted: Element &lt;button id=&quot;save_btn&quot; class=&quot;col-xs-7 col-xs-offset-2 col-md-4 col-md-offset-4 text-center paymentPageBtn paymentHover&quot; data-toggle=&quot;tooltip&quot; title=&quot;Update card and make payment&quot; style=&quot;text-decoration: none; cursor: pointer;&quot; tabindex=&quot;-1&quot;&gt;...&lt;/button&gt; is not clickable at point (860, 320). Other element would receive the click: &lt;iframe name=&quot;__privateStripeFrame76010&quot; frameborder=&quot;0&quot; allowtransparency=&quot;true&quot; scrolling=&quot;no&quot; role=&quot;presentation&quot; allow=&quot;payment *&quot; src=&quot;https://js.stripe.com/v3/authorize-with-url-inner-03bb35d5cb473a42a8edce87f3a6c31a.html#url=https%3A%2F%2Fhooks.stripe.com%2Fredirect%2Fauthenticate%2Fsrc_1MgkN8CItfxGAKpksENzQS7C%3Fclient_secret%3Dsrc_client_secret_fb1sswJw0Xx6F4AOOED7hE06%26source_redirect_slug%3Dtest_YWNjdF8xRFgwWlBDSXRmeEdBS3BrLF9OUmRlSFV3ZU1jZ21ZQVpJZU5XUVB0M3NJMmNaY3hS0100oIW09qs4&amp;amp;locale=en&amp;amp;intentId=pi_3MgkN4CItfxGAKpk17iNyo95&amp;amp;source=src_1MgkN8CItfxGAKpksENzQS7C&amp;amp;referrer=https%3A%2F%2Flocalhost%3A8443%2Fhealth%2F%23allPaymentServices&amp;amp;controllerId=__privateStripeController7601&quot; style=&quot;position: absolute !important; left: 0px !important; top: 0px !important; height: 100% !important; width: 100% !important;&quot; cd_frame_id_=&quot;ce70fadefe9efc1d33915b5c459507a2&quot;&gt;&lt;/iframe&gt;
  (Session info: chrome=110.0.5481.178)
Build info: version: &#039;3.141.59&#039;, revision: &#039;e82be7d358&#039;, time: &#039;2018-11-14T08:17:03&#039;
System info: host: &#039;LAPTOP-Q33L4MJO&#039;, ip: &#039;192.168.29.33&#039;, os.name: &#039;Windows 11&#039;, os.arch: &#039;amd64&#039;, os.version: &#039;10.0&#039;, java.version: &#039;1.8.0_331&#039;
Driver info: org.openqa.selenium.chrome.ChromeDriver
Capabilities {acceptInsecureCerts: false, browserName: chrome, browserVersion: 110.0.5481.178, chrome: {chromedriverVersion: 110.0.5481.77 (65ed616c6e8e..., userDataDir: C:\Users\keert\AppData\Loca...}, goog:chromeOptions: {debuggerAddress: localhost:59339}, javascriptEnabled: true, networkConnectionEnabled: false, pageLoadStrategy: normal, platform: WINDOWS, platformName: WINDOWS, proxy: Proxy(), setWindowRect: true, strictFileInteractability: false, timeouts: {implicit: 0, pageLoad: 300000, script: 30000}, unhandledPromptBehavior: dismiss and notify, webauthn:extension:credBlob: true, webauthn:extension:largeBlob: true, webauthn:virtualAuthenticators: true}
Session ID: 233360e8a50ca9de3a78815d332a36c5">
      <![CDATA[org.openqa.selenium.ElementClickInterceptedException: element click intercepted: Element <button id="save_btn" class="col-xs-7 col-xs-offset-2 col-md-4 col-md-offset-4 text-center paymentPageBtn paymentHover" data-toggle="tooltip" title="Update card and make payment" style="text-decoration: none; cursor: pointer;" tabindex="-1">...</button> is not clickable at point (860, 320). Other element would receive the click: <iframe name="__privateStripeFrame76010" frameborder="0" allowtransparency="true" scrolling="no" role="presentation" allow="payment *" src="https://js.stripe.com/v3/authorize-with-url-inner-03bb35d5cb473a42a8edce87f3a6c31a.html#url=https%3A%2F%2Fhooks.stripe.com%2Fredirect%2Fauthenticate%2Fsrc_1MgkN8CItfxGAKpksENzQS7C%3Fclient_secret%3Dsrc_client_secret_fb1sswJw0Xx6F4AOOED7hE06%26source_redirect_slug%3Dtest_YWNjdF8xRFgwWlBDSXRmeEdBS3BrLF9OUmRlSFV3ZU1jZ21ZQVpJZU5XUVB0M3NJMmNaY3hS0100oIW09qs4&amp;locale=en&amp;intentId=pi_3MgkN4CItfxGAKpk17iNyo95&amp;source=src_1MgkN8CItfxGAKpksENzQS7C&amp;referrer=https%3A%2F%2Flocalhost%3A8443%2Fhealth%2F%23allPaymentServices&amp;controllerId=__privateStripeController7601" style="position: absolute !important; left: 0px !important; top: 0px !important; height: 100% !important; width: 100% !important;" cd_frame_id_="ce70fadefe9efc1d33915b5c459507a2"></iframe>
  (Session info: chrome=110.0.5481.178)
Build info: version: '3.141.59', revision: 'e82be7d358', time: '2018-11-14T08:17:03'
System info: host: 'LAPTOP-Q33L4MJO', ip: '192.168.29.33', os.name: 'Windows 11', os.arch: 'amd64', os.version: '10.0', java.version: '1.8.0_331'
Driver info: org.openqa.selenium.chrome.ChromeDriver
Capabilities {acceptInsecureCerts: false, browserName: chrome, browserVersion: 110.0.5481.178, chrome: {chromedriverVersion: 110.0.5481.77 (65ed616c6e8e..., userDataDir: C:\Users\keert\AppData\Loca...}, goog:chromeOptions: {debuggerAddress: localhost:59339}, javascriptEnabled: true, networkConnectionEnabled: false, pageLoadStrategy: normal, platform: WINDOWS, platformName: WINDOWS, proxy: Proxy(), setWindowRect: true, strictFileInteractability: false, timeouts: {implicit: 0, pageLoad: 300000, script: 30000}, unhandledPromptBehavior: dismiss and notify, webauthn:extension:credBlob: true, webauthn:extension:largeBlob: true, webauthn:virtualAuthenticators: true}
Session ID: 233360e8a50ca9de3a78815d332a36c5
	at sun.reflect.NativeConstructorAccessorImpl.newInstance0(Native Method)
	at sun.reflect.NativeConstructorAccessorImpl.newInstance(Unknown Source)
	at sun.reflect.DelegatingConstructorAccessorImpl.newInstance(Unknown Source)
	at java.lang.reflect.Constructor.newInstance(Unknown Source)
	at org.openqa.selenium.remote.http.W3CHttpResponseCodec.createException(W3CHttpResponseCodec.java:187)
	at org.openqa.selenium.remote.http.W3CHttpResponseCodec.decode(W3CHttpResponseCodec.java:122)
	at org.openqa.selenium.remote.http.W3CHttpResponseCodec.decode(W3CHttpResponseCodec.java:49)
	at org.openqa.selenium.remote.HttpCommandExecutor.execute(HttpCommandExecutor.java:158)
	at org.openqa.selenium.remote.service.DriverCommandExecutor.execute(DriverCommandExecutor.java:83)
	at org.openqa.selenium.remote.RemoteWebDriver.execute(RemoteWebDriver.java:552)
	at org.openqa.selenium.remote.RemoteWebElement.execute(RemoteWebElement.java:285)
	at org.openqa.selenium.remote.RemoteWebElement.click(RemoteWebElement.java:84)
	at sun.reflect.NativeMethodAccessorImpl.invoke0(Native Method)
	at sun.reflect.NativeMethodAccessorImpl.invoke(Unknown Source)
	at sun.reflect.DelegatingMethodAccessorImpl.invoke(Unknown Source)
	at java.lang.reflect.Method.invoke(Unknown Source)
	at org.openqa.selenium.support.pagefactory.internal.LocatingElementHandler.invoke(LocatingElementHandler.java:51)
	at com.sun.proxy.$Proxy8.click(Unknown Source)
	at org.base.Base.click(Base.java:76)
	at org.selectyourPlan3D.InvalidCardCvcMonth.CheckFails(InvalidCardCvcMonth.java:36)
	at org.selectyourPlan3D.InvalidCardCvcMonth.cvcFails(InvalidCardCvcMonth.java:73)
	at sun.reflect.NativeMethodAccessorImpl.invoke0(Native Method)
	at sun.reflect.NativeMethodAccessorImpl.invoke(Unknown Source)
	at sun.reflect.DelegatingMethodAccessorImpl.invoke(Unknown Source)
	at java.lang.reflect.Method.invoke(Unknown Source)
	at org.testng.internal.MethodInvocationHelper.invokeMethod(MethodInvocationHelper.java:104)
	at org.testng.internal.Invoker.invokeMethod(Invoker.java:645)
	at org.testng.internal.Invoker.invokeTestMethod(Invoker.java:851)
	at org.testng.internal.Invoker.invokeTestMethods(Invoker.java:1177)
	at org.testng.internal.TestMethodWorker.invokeTestMethods(TestMethodWorker.java:129)
	at org.testng.internal.TestMethodWorker.run(TestMethodWorker.java:112)
	at org.testng.TestRunner.privateRun(TestRunner.java:756)
	at org.testng.TestRunner.run(TestRunner.java:610)
	at org.testng.SuiteRunner.runTest(SuiteRunner.java:387)
	at org.testng.SuiteRunner.runSequentially(SuiteRunner.java:382)
	at org.testng.SuiteRunner.privateRun(SuiteRunner.java:340)
	at org.testng.SuiteRunner.run(SuiteRunner.java:289)
	at org.testng.SuiteRunnerWorker.runSuite(SuiteRunnerWorker.java:52)
	at org.testng.SuiteRunnerWorker.run(SuiteRunnerWorker.java:86)
	at org.testng.TestNG.runSuitesSequentially(TestNG.java:1293)
	at org.testng.TestNG.runSuitesLocally(TestNG.java:1218)
	at org.testng.TestNG.runSuites(TestNG.java:1133)
	at org.testng.TestNG.run(TestNG.java:1104)
	at org.testng.remote.AbstractRemoteTestNG.run(AbstractRemoteTestNG.java:115)
	at org.testng.remote.RemoteTestNG.initAndRun(RemoteTestNG.java:251)
	at org.testng.remote.RemoteTestNG.main(RemoteTestNG.java:77)
]]>
    </error>
  </testcase> <!-- cvcFails -->
  <testcase name="yearExpired" time="1.976" classname="org.selectyourPlan3D.InvalidCardCvcMonth">
    <error type="org.openqa.selenium.ElementClickInterceptedException" message="element click intercepted: Element &lt;button id=&quot;save_btn&quot; class=&quot;col-xs-7 col-xs-offset-2 col-md-4 col-md-offset-4 text-center paymentPageBtn paymentHover&quot; data-toggle=&quot;tooltip&quot; title=&quot;Update card and make payment&quot; style=&quot;text-decoration: none; cursor: pointer;&quot; tabindex=&quot;-1&quot;&gt;...&lt;/button&gt; is not clickable at point (860, 320). Other element would receive the click: &lt;iframe name=&quot;__privateStripeFrame76010&quot; frameborder=&quot;0&quot; allowtransparency=&quot;true&quot; scrolling=&quot;no&quot; role=&quot;presentation&quot; allow=&quot;payment *&quot; src=&quot;https://js.stripe.com/v3/authorize-with-url-inner-03bb35d5cb473a42a8edce87f3a6c31a.html#url=https%3A%2F%2Fhooks.stripe.com%2Fredirect%2Fauthenticate%2Fsrc_1MgkN8CItfxGAKpksENzQS7C%3Fclient_secret%3Dsrc_client_secret_fb1sswJw0Xx6F4AOOED7hE06%26source_redirect_slug%3Dtest_YWNjdF8xRFgwWlBDSXRmeEdBS3BrLF9OUmRlSFV3ZU1jZ21ZQVpJZU5XUVB0M3NJMmNaY3hS0100oIW09qs4&amp;amp;locale=en&amp;amp;intentId=pi_3MgkN4CItfxGAKpk17iNyo95&amp;amp;source=src_1MgkN8CItfxGAKpksENzQS7C&amp;amp;referrer=https%3A%2F%2Flocalhost%3A8443%2Fhealth%2F%23allPaymentServices&amp;amp;controllerId=__privateStripeController7601&quot; style=&quot;position: absolute !important; left: 0px !important; top: 0px !important; height: 100% !important; width: 100% !important;&quot; cd_frame_id_=&quot;ce70fadefe9efc1d33915b5c459507a2&quot;&gt;&lt;/iframe&gt;
  (Session info: chrome=110.0.5481.178)
Build info: version: &#039;3.141.59&#039;, revision: &#039;e82be7d358&#039;, time: &#039;2018-11-14T08:17:03&#039;
System info: host: &#039;LAPTOP-Q33L4MJO&#039;, ip: &#039;192.168.29.33&#039;, os.name: &#039;Windows 11&#039;, os.arch: &#039;amd64&#039;, os.version: &#039;10.0&#039;, java.version: &#039;1.8.0_331&#039;
Driver info: org.openqa.selenium.chrome.ChromeDriver
Capabilities {acceptInsecureCerts: false, browserName: chrome, browserVersion: 110.0.5481.178, chrome: {chromedriverVersion: 110.0.5481.77 (65ed616c6e8e..., userDataDir: C:\Users\keert\AppData\Loca...}, goog:chromeOptions: {debuggerAddress: localhost:59339}, javascriptEnabled: true, networkConnectionEnabled: false, pageLoadStrategy: normal, platform: WINDOWS, platformName: WINDOWS, proxy: Proxy(), setWindowRect: true, strictFileInteractability: false, timeouts: {implicit: 0, pageLoad: 300000, script: 30000}, unhandledPromptBehavior: dismiss and notify, webauthn:extension:credBlob: true, webauthn:extension:largeBlob: true, webauthn:virtualAuthenticators: true}
Session ID: 233360e8a50ca9de3a78815d332a36c5">
      <![CDATA[org.openqa.selenium.ElementClickInterceptedException: element click intercepted: Element <button id="save_btn" class="col-xs-7 col-xs-offset-2 col-md-4 col-md-offset-4 text-center paymentPageBtn paymentHover" data-toggle="tooltip" title="Update card and make payment" style="text-decoration: none; cursor: pointer;" tabindex="-1">...</button> is not clickable at point (860, 320). Other element would receive the click: <iframe name="__privateStripeFrame76010" frameborder="0" allowtransparency="true" scrolling="no" role="presentation" allow="payment *" src="https://js.stripe.com/v3/authorize-with-url-inner-03bb35d5cb473a42a8edce87f3a6c31a.html#url=https%3A%2F%2Fhooks.stripe.com%2Fredirect%2Fauthenticate%2Fsrc_1MgkN8CItfxGAKpksENzQS7C%3Fclient_secret%3Dsrc_client_secret_fb1sswJw0Xx6F4AOOED7hE06%26source_redirect_slug%3Dtest_YWNjdF8xRFgwWlBDSXRmeEdBS3BrLF9OUmRlSFV3ZU1jZ21ZQVpJZU5XUVB0M3NJMmNaY3hS0100oIW09qs4&amp;locale=en&amp;intentId=pi_3MgkN4CItfxGAKpk17iNyo95&amp;source=src_1MgkN8CItfxGAKpksENzQS7C&amp;referrer=https%3A%2F%2Flocalhost%3A8443%2Fhealth%2F%23allPaymentServices&amp;controllerId=__privateStripeController7601" style="position: absolute !important; left: 0px !important; top: 0px !important; height: 100% !important; width: 100% !important;" cd_frame_id_="ce70fadefe9efc1d33915b5c459507a2"></iframe>
  (Session info: chrome=110.0.5481.178)
Build info: version: '3.141.59', revision: 'e82be7d358', time: '2018-11-14T08:17:03'
System info: host: 'LAPTOP-Q33L4MJO', ip: '192.168.29.33', os.name: 'Windows 11', os.arch: 'amd64', os.version: '10.0', java.version: '1.8.0_331'
Driver info: org.openqa.selenium.chrome.ChromeDriver
Capabilities {acceptInsecureCerts: false, browserName: chrome, browserVersion: 110.0.5481.178, chrome: {chromedriverVersion: 110.0.5481.77 (65ed616c6e8e..., userDataDir: C:\Users\keert\AppData\Loca...}, goog:chromeOptions: {debuggerAddress: localhost:59339}, javascriptEnabled: true, networkConnectionEnabled: false, pageLoadStrategy: normal, platform: WINDOWS, platformName: WINDOWS, proxy: Proxy(), setWindowRect: true, strictFileInteractability: false, timeouts: {implicit: 0, pageLoad: 300000, script: 30000}, unhandledPromptBehavior: dismiss and notify, webauthn:extension:credBlob: true, webauthn:extension:largeBlob: true, webauthn:virtualAuthenticators: true}
Session ID: 233360e8a50ca9de3a78815d332a36c5
	at sun.reflect.NativeConstructorAccessorImpl.newInstance0(Native Method)
	at sun.reflect.NativeConstructorAccessorImpl.newInstance(Unknown Source)
	at sun.reflect.DelegatingConstructorAccessorImpl.newInstance(Unknown Source)
	at java.lang.reflect.Constructor.newInstance(Unknown Source)
	at org.openqa.selenium.remote.http.W3CHttpResponseCodec.createException(W3CHttpResponseCodec.java:187)
	at org.openqa.selenium.remote.http.W3CHttpResponseCodec.decode(W3CHttpResponseCodec.java:122)
	at org.openqa.selenium.remote.http.W3CHttpResponseCodec.decode(W3CHttpResponseCodec.java:49)
	at org.openqa.selenium.remote.HttpCommandExecutor.execute(HttpCommandExecutor.java:158)
	at org.openqa.selenium.remote.service.DriverCommandExecutor.execute(DriverCommandExecutor.java:83)
	at org.openqa.selenium.remote.RemoteWebDriver.execute(RemoteWebDriver.java:552)
	at org.openqa.selenium.remote.RemoteWebElement.execute(RemoteWebElement.java:285)
	at org.openqa.selenium.remote.RemoteWebElement.click(RemoteWebElement.java:84)
	at sun.reflect.NativeMethodAccessorImpl.invoke0(Native Method)
	at sun.reflect.NativeMethodAccessorImpl.invoke(Unknown Source)
	at sun.reflect.DelegatingMethodAccessorImpl.invoke(Unknown Source)
	at java.lang.reflect.Method.invoke(Unknown Source)
	at org.openqa.selenium.support.pagefactory.internal.LocatingElementHandler.invoke(LocatingElementHandler.java:51)
	at com.sun.proxy.$Proxy8.click(Unknown Source)
	at org.base.Base.click(Base.java:76)
	at org.selectyourPlan3D.InvalidCardCvcMonth.CheckFails(InvalidCardCvcMonth.java:36)
	at org.selectyourPlan3D.InvalidCardCvcMonth.yearExpired(InvalidCardCvcMonth.java:95)
	at sun.reflect.NativeMethodAccessorImpl.invoke0(Native Method)
	at sun.reflect.NativeMethodAccessorImpl.invoke(Unknown Source)
	at sun.reflect.DelegatingMethodAccessorImpl.invoke(Unknown Source)
	at java.lang.reflect.Method.invoke(Unknown Source)
	at org.testng.internal.MethodInvocationHelper.invokeMethod(MethodInvocationHelper.java:104)
	at org.testng.internal.Invoker.invokeMethod(Invoker.java:645)
	at org.testng.internal.Invoker.invokeTestMethod(Invoker.java:851)
	at org.testng.internal.Invoker.invokeTestMethods(Invoker.java:1177)
	at org.testng.internal.TestMethodWorker.invokeTestMethods(TestMethodWorker.java:129)
	at org.testng.internal.TestMethodWorker.run(TestMethodWorker.java:112)
	at org.testng.TestRunner.privateRun(TestRunner.java:756)
	at org.testng.TestRunner.run(TestRunner.java:610)
	at org.testng.SuiteRunner.runTest(SuiteRunner.java:387)
	at org.testng.SuiteRunner.runSequentially(SuiteRunner.java:382)
	at org.testng.SuiteRunner.privateRun(SuiteRunner.java:340)
	at org.testng.SuiteRunner.run(SuiteRunner.java:289)
	at org.testng.SuiteRunnerWorker.runSuite(SuiteRunnerWorker.java:52)
	at org.testng.SuiteRunnerWorker.run(SuiteRunnerWorker.java:86)
	at org.testng.TestNG.runSuitesSequentially(TestNG.java:1293)
	at org.testng.TestNG.runSuitesLocally(TestNG.java:1218)
	at org.testng.TestNG.runSuites(TestNG.java:1133)
	at org.testng.TestNG.run(TestNG.java:1104)
	at org.testng.remote.AbstractRemoteTestNG.run(AbstractRemoteTestNG.java:115)
	at org.testng.remote.RemoteTestNG.initAndRun(RemoteTestNG.java:251)
	at org.testng.remote.RemoteTestNG.main(RemoteTestNG.java:77)
]]>
    </error>
  </testcase> <!-- yearExpired -->
  <testcase name="openConnection" classname="org.Launch.LaunchBrowser">
    <skipped/>
  </testcase> <!-- openConnection -->
  <testcase name="openConnection" classname="org.Launch.LaunchBrowser">
    <skipped/>
  </testcase> <!-- openConnection -->
  <testcase name="openConnection" classname="org.Launch.LaunchBrowser">
    <skipped/>
  </testcase> <!-- openConnection -->
  <testcase name="openConnection" classname="org.Launch.LaunchBrowser">
    <skipped/>
  </testcase> <!-- openConnection -->
</testsuite> <!-- org.selectyourPlan3D.InvalidCardCvcMonth -->
