<?xml version="1.0" encoding="UTF-8"?>
<testng-results skipped="0" failed="0" ignored="0" total="8" passed="8">
  <reporter-output>
  </reporter-output>
  <suite name="Suite" duration-ms="1099404" started-at="2023-03-23T14:07:38Z" finished-at="2023-03-23T14:25:58Z">
    <groups>
      <group name="calendar">
        <method signature="Local_Host.calendar()[pri:3, instance:runner.Local_Host@59d016c9]" name="calendar" class="runner.Local_Host"/>
      </group> <!-- calendar -->
      <group name="settings">
        <method signature="Local_Host.Settings()[pri:7, instance:runner.Local_Host@59d016c9]" name="Settings" class="runner.Local_Host"/>
      </group> <!-- settings -->
      <group name="teledoctor">
        <method signature="Local_Host.TeleDoctor()[pri:5, instance:runner.Local_Host@59d016c9]" name="TeleDoctor" class="runner.Local_Host"/>
      </group> <!-- teledoctor -->
      <group name="patient">
        <method signature="Local_Host.PatientModule()[pri:1, instance:runner.Local_Host@59d016c9]" name="PatientModule" class="runner.Local_Host"/>
      </group> <!-- patient -->
      <group name="healthrec">
        <method signature="Local_Host.HealthRec()[pri:2, instance:runner.Local_Host@59d016c9]" name="HealthRec" class="runner.Local_Host"/>
      </group> <!-- healthrec -->
      <group name="message">
        <method signature="Local_Host.Message()[pri:6, instance:runner.Local_Host@59d016c9]" name="Message" class="runner.Local_Host"/>
      </group> <!-- message -->
      <group name="billing">
        <method signature="Local_Host.BillingModule()[pri:4, instance:runner.Local_Host@59d016c9]" name="BillingModule" class="runner.Local_Host"/>
      </group> <!-- billing -->
      <group name="home">
        <method signature="Local_Host.HomeModule()[pri:0, instance:runner.Local_Host@59d016c9]" name="HomeModule" class="runner.Local_Host"/>
      </group> <!-- home -->
    </groups>
    <test name="Test" duration-ms="1099404" started-at="2023-03-23T14:07:38Z" finished-at="2023-03-23T14:25:58Z">
      <class name="runner.Local_Host">
        <test-method status="PASS" signature="openConnection()[pri:0, instance:runner.Local_Host@59d016c9]" name="openConnection" is-config="true" duration-ms="25615" started-at="2023-03-23T19:37:13Z" finished-at="2023-03-23T19:37:38Z">
          <reporter-output>
          </reporter-output>
        </test-method> <!-- openConnection -->
        <test-method status="PASS" signature="HomeModule()[pri:0, instance:runner.Local_Host@59d016c9]" name="HomeModule" duration-ms="62701" started-at="2023-03-23T19:37:39Z" finished-at="2023-03-23T19:38:41Z">
          <reporter-output>
          </reporter-output>
        </test-method> <!-- HomeModule -->
        <test-method status="PASS" signature="PatientModule()[pri:1, instance:runner.Local_Host@59d016c9]" name="PatientModule" duration-ms="27273" started-at="2023-03-23T19:38:41Z" finished-at="2023-03-23T19:39:08Z">
          <reporter-output>
          </reporter-output>
        </test-method> <!-- PatientModule -->
        <test-method status="PASS" signature="HealthRec()[pri:2, instance:runner.Local_Host@59d016c9]" name="HealthRec" duration-ms="456749" started-at="2023-03-23T19:39:08Z" finished-at="2023-03-23T19:46:45Z">
          <reporter-output>
          </reporter-output>
        </test-method> <!-- HealthRec -->
        <test-method status="PASS" signature="calendar()[pri:3, instance:runner.Local_Host@59d016c9]" name="calendar" duration-ms="64085" started-at="2023-03-23T19:46:45Z" finished-at="2023-03-23T19:47:49Z">
          <reporter-output>
          </reporter-output>
        </test-method> <!-- calendar -->
        <test-method status="PASS" signature="BillingModule()[pri:4, instance:runner.Local_Host@59d016c9]" name="BillingModule" duration-ms="62761" started-at="2023-03-23T19:47:49Z" finished-at="2023-03-23T19:48:52Z">
          <reporter-output>
          </reporter-output>
        </test-method> <!-- BillingModule -->
        <test-method status="PASS" signature="TeleDoctor()[pri:5, instance:runner.Local_Host@59d016c9]" name="TeleDoctor" duration-ms="21047" started-at="2023-03-23T19:48:52Z" finished-at="2023-03-23T19:49:13Z">
          <reporter-output>
          </reporter-output>
        </test-method> <!-- TeleDoctor -->
        <test-method status="PASS" signature="Message()[pri:6, instance:runner.Local_Host@59d016c9]" name="Message" duration-ms="35387" started-at="2023-03-23T19:49:13Z" finished-at="2023-03-23T19:49:49Z">
          <reporter-output>
          </reporter-output>
        </test-method> <!-- Message -->
        <test-method status="PASS" signature="Settings()[pri:7, instance:runner.Local_Host@59d016c9]" name="Settings" duration-ms="369366" started-at="2023-03-23T19:49:49Z" finished-at="2023-03-23T19:55:58Z">
          <reporter-output>
          </reporter-output>
        </test-method> <!-- Settings -->
      </class> <!-- runner.Local_Host -->
    </test> <!-- Test -->
  </suite> <!-- Suite -->
</testng-results>
