<?xml version="1.0" encoding="UTF-8"?>
<testng-results skipped="0" failed="0" ignored="0" total="1" passed="1">
  <reporter-output>
  </reporter-output>
  <suite name="Default suite" duration-ms="49249" started-at="2023-02-28T15:18:37Z" finished-at="2023-02-28T15:19:26Z">
    <groups>
    </groups>
    <test name="Default test" duration-ms="49249" started-at="2023-02-28T15:18:37Z" finished-at="2023-02-28T15:19:26Z">
      <class name="org.LitePlan3d.Lite_CaroselUi">
        <test-method status="PASS" signature="openConnection()[pri:0, instance:org.LitePlan3d.Lite_CaroselUi@5dd6264]" name="openConnection" is-config="true" duration-ms="29599" started-at="2023-02-28T20:48:07Z" finished-at="2023-02-28T20:48:37Z">
          <reporter-output>
          </reporter-output>
        </test-method> <!-- openConnection -->
        <test-method status="PASS" signature="run()[pri:0, instance:org.LitePlan3d.Lite_CaroselUi@5dd6264]" name="run" duration-ms="49125" started-at="2023-02-28T20:48:37Z" finished-at="2023-02-28T20:49:26Z">
          <reporter-output>
          </reporter-output>
        </test-method> <!-- run -->
      </class> <!-- org.LitePlan3d.Lite_CaroselUi -->
    </test> <!-- Default test -->
  </suite> <!-- Default suite -->
</testng-results>
