<?xml version="1.0" encoding="UTF-8"?>
<testng-results skipped="0" failed="0" ignored="4" total="6" passed="2">
  <reporter-output>
  </reporter-output>
  <suite name="Default suite" duration-ms="66099" started-at="2022-12-28T14:41:48Z" finished-at="2022-12-28T14:42:54Z">
    <groups>
    </groups>
    <test name="Default test" duration-ms="66099" started-at="2022-12-28T14:41:48Z" finished-at="2022-12-28T14:42:54Z">
      <class name="org.patientLogin.PatientInfo">
        <test-method status="PASS" signature="Login()[pri:0, instance:org.patientLogin.PatientInfo@6193932a]" name="Login" is-config="true" duration-ms="39753" started-at="2022-12-28T20:11:48Z" finished-at="2022-12-28T20:12:27Z">
          <reporter-output>
          </reporter-output>
        </test-method> <!-- Login -->
        <test-method status="PASS" signature="appointmentPatient()[pri:1, instance:org.patientLogin.PatientInfo@6193932a]" name="appointmentPatient" duration-ms="10629" started-at="2022-12-28T20:12:27Z" finished-at="2022-12-28T20:12:38Z">
          <reporter-output>
          </reporter-output>
        </test-method> <!-- appointmentPatient -->
        <test-method status="PASS" signature="appointment()[pri:2, instance:org.patientLogin.PatientInfo@6193932a]" name="appointment" duration-ms="15685" started-at="2022-12-28T20:12:38Z" finished-at="2022-12-28T20:12:54Z">
          <reporter-output>
          </reporter-output>
        </test-method> <!-- appointment -->
      </class> <!-- org.patientLogin.PatientInfo -->
    </test> <!-- Default test -->
  </suite> <!-- Default suite -->
</testng-results>
