<?xml version="1.0" encoding="UTF-8"?>
<testng-results skipped="0" failed="1" ignored="6" total="8" passed="1">
  <reporter-output>
  </reporter-output>
  <suite name="Suite" duration-ms="438234" started-at="2023-03-08T15:14:25Z" finished-at="2023-03-08T15:21:43Z">
    <groups>
      <group name="healthrec">
        <method signature="Local_Host.HealthRec()[pri:2, instance:runner.Local_Host@670002]" name="HealthRec" class="runner.Local_Host"/>
      </group> <!-- healthrec -->
      <group name="home">
        <method signature="Local_Host.HomeModule()[pri:0, instance:runner.Local_Host@670002]" name="HomeModule" class="runner.Local_Host"/>
      </group> <!-- home -->
    </groups>
    <test name="Test" duration-ms="438234" started-at="2023-03-08T15:14:25Z" finished-at="2023-03-08T15:21:43Z">
      <class name="runner.Local_Host">
        <test-method status="PASS" signature="LaunchBrwoser()[pri:0, instance:runner.Local_Host@670002]" name="LaunchBrwoser" is-config="true" duration-ms="27449" started-at="2023-03-08T20:44:25Z" finished-at="2023-03-08T20:44:53Z">
          <reporter-output>
          </reporter-output>
        </test-method> <!-- LaunchBrwoser -->
        <test-method status="PASS" signature="HomeModule()[pri:0, instance:runner.Local_Host@670002]" name="HomeModule" duration-ms="26844" started-at="2023-03-08T20:44:53Z" finished-at="2023-03-08T20:45:20Z">
          <reporter-output>
          </reporter-output>
        </test-method> <!-- HomeModule -->
        <test-method status="FAIL" signature="HealthRec()[pri:2, instance:runner.Local_Host@670002]" name="HealthRec" duration-ms="383845" started-at="2023-03-08T20:45:20Z" finished-at="2023-03-08T20:51:43Z">
          <exception class="org.openqa.selenium.ElementNotInteractableException">
            <message>
              <![CDATA[element not interactable: [object HTMLSpanElement] has no size and location
  (Session info: chrome=110.0.5481.178)
Build info: version: '3.141.59', revision: 'e82be7d358', time: '2018-11-14T08:17:03'
System info: host: 'LAPTOP-Q33L4MJO', ip: '192.168.29.33', os.name: 'Windows 11', os.arch: 'amd64', os.version: '10.0', java.version: '1.8.0_331'
Driver info: org.openqa.selenium.chrome.ChromeDriver
Capabilities {acceptInsecureCerts: false, browserName: chrome, browserVersion: 110.0.5481.178, chrome: {chromedriverVersion: 110.0.5481.77 (65ed616c6e8e..., userDataDir: C:\Users\keert\AppData\Loca...}, goog:chromeOptions: {debuggerAddress: localhost:51674}, javascriptEnabled: true, networkConnectionEnabled: false, pageLoadStrategy: normal, platform: WINDOWS, platformName: WINDOWS, proxy: Proxy(), setWindowRect: true, strictFileInteractability: false, timeouts: {implicit: 0, pageLoad: 300000, script: 30000}, unhandledPromptBehavior: dismiss and notify, webauthn:extension:credBlob: true, webauthn:extension:largeBlob: true, webauthn:virtualAuthenticators: true}
Session ID: b4ea6fdfc598876d5697ea236622ad3d]]>
            </message>
            <full-stacktrace>
              <![CDATA[org.openqa.selenium.ElementNotInteractableException: element not interactable: [object HTMLSpanElement] has no size and location
  (Session info: chrome=110.0.5481.178)
Build info: version: '3.141.59', revision: 'e82be7d358', time: '2018-11-14T08:17:03'
System info: host: 'LAPTOP-Q33L4MJO', ip: '192.168.29.33', os.name: 'Windows 11', os.arch: 'amd64', os.version: '10.0', java.version: '1.8.0_331'
Driver info: org.openqa.selenium.chrome.ChromeDriver
Capabilities {acceptInsecureCerts: false, browserName: chrome, browserVersion: 110.0.5481.178, chrome: {chromedriverVersion: 110.0.5481.77 (65ed616c6e8e..., userDataDir: C:\Users\keert\AppData\Loca...}, goog:chromeOptions: {debuggerAddress: localhost:51674}, javascriptEnabled: true, networkConnectionEnabled: false, pageLoadStrategy: normal, platform: WINDOWS, platformName: WINDOWS, proxy: Proxy(), setWindowRect: true, strictFileInteractability: false, timeouts: {implicit: 0, pageLoad: 300000, script: 30000}, unhandledPromptBehavior: dismiss and notify, webauthn:extension:credBlob: true, webauthn:extension:largeBlob: true, webauthn:virtualAuthenticators: true}
Session ID: b4ea6fdfc598876d5697ea236622ad3d
	at sun.reflect.NativeConstructorAccessorImpl.newInstance0(Native Method)
	at sun.reflect.NativeConstructorAccessorImpl.newInstance(Unknown Source)
	at sun.reflect.DelegatingConstructorAccessorImpl.newInstance(Unknown Source)
	at java.lang.reflect.Constructor.newInstance(Unknown Source)
	at org.openqa.selenium.remote.http.W3CHttpResponseCodec.createException(W3CHttpResponseCodec.java:187)
	at org.openqa.selenium.remote.http.W3CHttpResponseCodec.decode(W3CHttpResponseCodec.java:122)
	at org.openqa.selenium.remote.http.W3CHttpResponseCodec.decode(W3CHttpResponseCodec.java:49)
	at org.openqa.selenium.remote.HttpCommandExecutor.execute(HttpCommandExecutor.java:158)
	at org.openqa.selenium.remote.service.DriverCommandExecutor.execute(DriverCommandExecutor.java:83)
	at org.openqa.selenium.remote.RemoteWebDriver.execute(RemoteWebDriver.java:552)
	at org.openqa.selenium.remote.RemoteWebDriver.perform(RemoteWebDriver.java:618)
	at org.openqa.selenium.interactions.Actions$BuiltAction.perform(Actions.java:639)
	at org.base.Base.actions(Base.java:355)
	at runner.Local_Host.HealthRec(Local_Host.java:3243)
	at sun.reflect.NativeMethodAccessorImpl.invoke0(Native Method)
	at sun.reflect.NativeMethodAccessorImpl.invoke(Unknown Source)
	at sun.reflect.DelegatingMethodAccessorImpl.invoke(Unknown Source)
	at java.lang.reflect.Method.invoke(Unknown Source)
	at org.testng.internal.MethodInvocationHelper.invokeMethod(MethodInvocationHelper.java:104)
	at org.testng.internal.Invoker.invokeMethod(Invoker.java:645)
	at org.testng.internal.Invoker.invokeTestMethod(Invoker.java:851)
	at org.testng.internal.Invoker.invokeTestMethods(Invoker.java:1177)
	at org.testng.internal.TestMethodWorker.invokeTestMethods(TestMethodWorker.java:129)
	at org.testng.internal.TestMethodWorker.run(TestMethodWorker.java:112)
	at org.testng.TestRunner.privateRun(TestRunner.java:756)
	at org.testng.TestRunner.run(TestRunner.java:610)
	at org.testng.SuiteRunner.runTest(SuiteRunner.java:387)
	at org.testng.SuiteRunner.runSequentially(SuiteRunner.java:382)
	at org.testng.SuiteRunner.privateRun(SuiteRunner.java:340)
	at org.testng.SuiteRunner.run(SuiteRunner.java:289)
	at org.testng.SuiteRunnerWorker.runSuite(SuiteRunnerWorker.java:52)
	at org.testng.SuiteRunnerWorker.run(SuiteRunnerWorker.java:86)
	at org.testng.TestNG.runSuitesSequentially(TestNG.java:1293)
	at org.testng.TestNG.runSuitesLocally(TestNG.java:1218)
	at org.testng.TestNG.runSuites(TestNG.java:1133)
	at org.testng.TestNG.run(TestNG.java:1104)
	at org.testng.remote.AbstractRemoteTestNG.run(AbstractRemoteTestNG.java:115)
	at org.testng.remote.RemoteTestNG.initAndRun(RemoteTestNG.java:251)
	at org.testng.remote.RemoteTestNG.main(RemoteTestNG.java:77)
]]>
            </full-stacktrace>
          </exception> <!-- org.openqa.selenium.ElementNotInteractableException -->
          <reporter-output>
          </reporter-output>
        </test-method> <!-- HealthRec -->
      </class> <!-- runner.Local_Host -->
    </test> <!-- Test -->
  </suite> <!-- Suite -->
</testng-results>
