<?xml version="1.0" encoding="UTF-8"?>
<testng-results skipped="0" failed="1" ignored="0" total="7" passed="6">
  <reporter-output>
  </reporter-output>
  <suite name="Default suite" duration-ms="173415" started-at="2022-12-29T15:19:17Z" finished-at="2022-12-29T15:22:10Z">
    <groups>
    </groups>
    <test name="Default test" duration-ms="173415" started-at="2022-12-29T15:19:17Z" finished-at="2022-12-29T15:22:10Z">
      <class name="SubscriptionFeatures.Lite_package">
        <test-method status="PASS" signature="LaunchBrwoser()[pri:0, instance:SubscriptionFeatures.Lite_package@6193932a]" name="LaunchBrwoser" is-config="true" duration-ms="35337" started-at="2022-12-29T20:49:17Z" finished-at="2022-12-29T20:49:52Z">
          <reporter-output>
          </reporter-output>
        </test-method> <!-- LaunchBrwoser -->
        <test-method status="PASS" signature="home()[pri:1, instance:SubscriptionFeatures.Lite_package@6193932a]" name="home" duration-ms="28964" started-at="2022-12-29T20:49:52Z" finished-at="2022-12-29T20:50:21Z">
          <reporter-output>
          </reporter-output>
        </test-method> <!-- home -->
        <test-method status="PASS" signature="patient_modules()[pri:2, instance:SubscriptionFeatures.Lite_package@6193932a]" name="patient_modules" duration-ms="2371" started-at="2022-12-29T20:50:21Z" finished-at="2022-12-29T20:50:24Z">
          <reporter-output>
          </reporter-output>
        </test-method> <!-- patient_modules -->
        <test-method status="PASS" signature="ehr_module()[pri:3, instance:SubscriptionFeatures.Lite_package@6193932a]" name="ehr_module" duration-ms="13993" started-at="2022-12-29T20:50:24Z" finished-at="2022-12-29T20:50:38Z">
          <reporter-output>
          </reporter-output>
        </test-method> <!-- ehr_module -->
        <test-method status="PASS" signature="calendar_module()[pri:4, instance:SubscriptionFeatures.Lite_package@6193932a]" name="calendar_module" duration-ms="42690" started-at="2022-12-29T20:50:38Z" finished-at="2022-12-29T20:51:20Z">
          <reporter-output>
          </reporter-output>
        </test-method> <!-- calendar_module -->
        <test-method status="PASS" signature="billing_module()[pri:5, instance:SubscriptionFeatures.Lite_package@6193932a]" name="billing_module" duration-ms="16461" started-at="2022-12-29T20:51:20Z" finished-at="2022-12-29T20:51:37Z">
          <reporter-output>
          </reporter-output>
        </test-method> <!-- billing_module -->
        <test-method status="PASS" signature="tele_doctor()[pri:6, instance:SubscriptionFeatures.Lite_package@6193932a]" name="tele_doctor" duration-ms="9199" started-at="2022-12-29T20:51:37Z" finished-at="2022-12-29T20:51:46Z">
          <reporter-output>
          </reporter-output>
        </test-method> <!-- tele_doctor -->
        <test-method status="FAIL" signature="settings_Module()[pri:7, instance:SubscriptionFeatures.Lite_package@6193932a]" name="settings_Module" duration-ms="24321" started-at="2022-12-29T20:51:46Z" finished-at="2022-12-29T20:52:10Z">
          <exception class="org.openqa.selenium.ElementClickInterceptedException">
            <message>
              <![CDATA[element click intercepted: Element <button id="user_dropdown" onclick="android_newuser()" class="dropdown-toggle settings-heading settings-buttonColor settings-button" style="width:100%;" data-toggle="dropdown" title="Select User Status" aria-expanded="false">...</button> is not clickable at point (593, 378). Other element would receive the click: <div id="--working--" class="center-cont" style="width: 100%; height: 100vh; position: fixed; left: 0px; top: 0px; z-index: 1030; background-color: rgba(239, 239, 239, 0.5); overflow: hidden !important; display: flex;">...</div>
  (Session info: chrome=108.0.5359.125)
Build info: version: '3.141.59', revision: 'e82be7d358', time: '2018-11-14T08:17:03'
System info: host: 'WORKPC', ip: '10.2.0.2', os.name: 'Windows 10', os.arch: 'amd64', os.version: '10.0', java.version: '1.8.0_331'
Driver info: org.openqa.selenium.chrome.ChromeDriver
Capabilities {acceptInsecureCerts: false, browserName: chrome, browserVersion: 108.0.5359.125, chrome: {chromedriverVersion: 108.0.5359.71 (1e0e3868ee06..., userDataDir: C:\Users\Admin\AppData\Loca...}, goog:chromeOptions: {debuggerAddress: localhost:59231}, javascriptEnabled: true, networkConnectionEnabled: false, pageLoadStrategy: normal, platform: WINDOWS, platformName: WINDOWS, proxy: Proxy(), setWindowRect: true, strictFileInteractability: false, timeouts: {implicit: 0, pageLoad: 300000, script: 30000}, unhandledPromptBehavior: dismiss and notify, webauthn:extension:credBlob: true, webauthn:extension:largeBlob: true, webauthn:virtualAuthenticators: true}
Session ID: bd928f65a98fa5eb04c69ad8d43721f0]]>
            </message>
            <full-stacktrace>
              <![CDATA[org.openqa.selenium.ElementClickInterceptedException: element click intercepted: Element <button id="user_dropdown" onclick="android_newuser()" class="dropdown-toggle settings-heading settings-buttonColor settings-button" style="width:100%;" data-toggle="dropdown" title="Select User Status" aria-expanded="false">...</button> is not clickable at point (593, 378). Other element would receive the click: <div id="--working--" class="center-cont" style="width: 100%; height: 100vh; position: fixed; left: 0px; top: 0px; z-index: 1030; background-color: rgba(239, 239, 239, 0.5); overflow: hidden !important; display: flex;">...</div>
  (Session info: chrome=108.0.5359.125)
Build info: version: '3.141.59', revision: 'e82be7d358', time: '2018-11-14T08:17:03'
System info: host: 'WORKPC', ip: '10.2.0.2', os.name: 'Windows 10', os.arch: 'amd64', os.version: '10.0', java.version: '1.8.0_331'
Driver info: org.openqa.selenium.chrome.ChromeDriver
Capabilities {acceptInsecureCerts: false, browserName: chrome, browserVersion: 108.0.5359.125, chrome: {chromedriverVersion: 108.0.5359.71 (1e0e3868ee06..., userDataDir: C:\Users\Admin\AppData\Loca...}, goog:chromeOptions: {debuggerAddress: localhost:59231}, javascriptEnabled: true, networkConnectionEnabled: false, pageLoadStrategy: normal, platform: WINDOWS, platformName: WINDOWS, proxy: Proxy(), setWindowRect: true, strictFileInteractability: false, timeouts: {implicit: 0, pageLoad: 300000, script: 30000}, unhandledPromptBehavior: dismiss and notify, webauthn:extension:credBlob: true, webauthn:extension:largeBlob: true, webauthn:virtualAuthenticators: true}
Session ID: bd928f65a98fa5eb04c69ad8d43721f0
	at sun.reflect.NativeConstructorAccessorImpl.newInstance0(Native Method)
	at sun.reflect.NativeConstructorAccessorImpl.newInstance(Unknown Source)
	at sun.reflect.DelegatingConstructorAccessorImpl.newInstance(Unknown Source)
	at java.lang.reflect.Constructor.newInstance(Unknown Source)
	at org.openqa.selenium.remote.http.W3CHttpResponseCodec.createException(W3CHttpResponseCodec.java:187)
	at org.openqa.selenium.remote.http.W3CHttpResponseCodec.decode(W3CHttpResponseCodec.java:122)
	at org.openqa.selenium.remote.http.W3CHttpResponseCodec.decode(W3CHttpResponseCodec.java:49)
	at org.openqa.selenium.remote.HttpCommandExecutor.execute(HttpCommandExecutor.java:158)
	at org.openqa.selenium.remote.service.DriverCommandExecutor.execute(DriverCommandExecutor.java:83)
	at org.openqa.selenium.remote.RemoteWebDriver.execute(RemoteWebDriver.java:552)
	at org.openqa.selenium.remote.RemoteWebElement.execute(RemoteWebElement.java:285)
	at org.openqa.selenium.remote.RemoteWebElement.click(RemoteWebElement.java:84)
	at org.base.Base.click(Base.java:75)
	at SubscriptionFeatures.Lite_package.settings_Module(Lite_package.java:719)
	at sun.reflect.NativeMethodAccessorImpl.invoke0(Native Method)
	at sun.reflect.NativeMethodAccessorImpl.invoke(Unknown Source)
	at sun.reflect.DelegatingMethodAccessorImpl.invoke(Unknown Source)
	at java.lang.reflect.Method.invoke(Unknown Source)
	at org.testng.internal.MethodInvocationHelper.invokeMethod(MethodInvocationHelper.java:104)
	at org.testng.internal.Invoker.invokeMethod(Invoker.java:645)
	at org.testng.internal.Invoker.invokeTestMethod(Invoker.java:851)
	at org.testng.internal.Invoker.invokeTestMethods(Invoker.java:1177)
	at org.testng.internal.TestMethodWorker.invokeTestMethods(TestMethodWorker.java:129)
	at org.testng.internal.TestMethodWorker.run(TestMethodWorker.java:112)
	at org.testng.TestRunner.privateRun(TestRunner.java:756)
	at org.testng.TestRunner.run(TestRunner.java:610)
	at org.testng.SuiteRunner.runTest(SuiteRunner.java:387)
	at org.testng.SuiteRunner.runSequentially(SuiteRunner.java:382)
	at org.testng.SuiteRunner.privateRun(SuiteRunner.java:340)
	at org.testng.SuiteRunner.run(SuiteRunner.java:289)
	at org.testng.SuiteRunnerWorker.runSuite(SuiteRunnerWorker.java:52)
	at org.testng.SuiteRunnerWorker.run(SuiteRunnerWorker.java:86)
	at org.testng.TestNG.runSuitesSequentially(TestNG.java:1293)
	at org.testng.TestNG.runSuitesLocally(TestNG.java:1218)
	at org.testng.TestNG.runSuites(TestNG.java:1133)
	at org.testng.TestNG.run(TestNG.java:1104)
	at org.testng.remote.AbstractRemoteTestNG.run(AbstractRemoteTestNG.java:115)
	at org.testng.remote.RemoteTestNG.initAndRun(RemoteTestNG.java:251)
	at org.testng.remote.RemoteTestNG.main(RemoteTestNG.java:77)
]]>
            </full-stacktrace>
          </exception> <!-- org.openqa.selenium.ElementClickInterceptedException -->
          <reporter-output>
          </reporter-output>
        </test-method> <!-- settings_Module -->
      </class> <!-- SubscriptionFeatures.Lite_package -->
    </test> <!-- Default test -->
  </suite> <!-- Default suite -->
</testng-results>
