<?xml version="1.0" encoding="UTF-8"?>
<!-- Generated by org.testng.reporters.JUnitXMLReporter -->
<testsuite hostname="WorkPC" ignored="7" name="Default test(failed)" tests="1" failures="0" timestamp="29 Dec 2022 09:43:19 GMT" time="206.133" errors="0">
  <testcase name="Settings" time="121.567" classname="runner.Dr_userLogin"/>
  <testcase name="PatientModule" time="0.0" classname="runner.Dr_userLogin">
    <ignored/>
  </testcase> <!-- PatientModule -->
  <testcase name="BillingModule" time="0.0" classname="runner.Dr_userLogin">
    <ignored/>
  </testcase> <!-- BillingModule -->
  <testcase name="Message" time="0.0" classname="runner.Dr_userLogin">
    <ignored/>
  </testcase> <!-- Message -->
  <testcase name="calendar" time="0.0" classname="runner.Dr_userLogin">
    <ignored/>
  </testcase> <!-- calendar -->
  <testcase name="HomeModule" time="0.0" classname="runner.Dr_userLogin">
    <ignored/>
  </testcase> <!-- HomeModule -->
  <testcase name="HealthRec" time="0.0" classname="runner.Dr_userLogin">
    <ignored/>
  </testcase> <!-- HealthRec -->
  <testcase name="TeleDoctor" time="0.0" classname="runner.Dr_userLogin">
    <ignored/>
  </testcase> <!-- TeleDoctor -->
</testsuite> <!-- Default test(failed) -->
