<?xml version="1.0" encoding="UTF-8"?>
<testng-results skipped="0" failed="0" ignored="0" total="0" passed="0">
  <reporter-output>
  </reporter-output>
  <suite name="Gradle suite" duration-ms="1" started-at="2023-03-06T07:51:08Z" finished-at="2023-03-06T07:51:08Z">
    <groups>
      <group name="calendar">
        <method signature="Local_Host.calendar()[pri:3, instance:runner.Local_Host@65055d8f]" name="calendar" class="runner.Local_Host"/>
      </group> <!-- calendar -->
      <group name="settings">
        <method signature="Local_Host.Settings()[pri:7, instance:runner.Local_Host@65055d8f]" name="Settings" class="runner.Local_Host"/>
      </group> <!-- settings -->
      <group name="teledoctor">
        <method signature="Local_Host.TeleDoctor()[pri:5, instance:runner.Local_Host@65055d8f]" name="TeleDoctor" class="runner.Local_Host"/>
      </group> <!-- teledoctor -->
      <group name="patient">
        <method signature="Local_Host.PatientModule()[pri:1, instance:runner.Local_Host@65055d8f]" name="PatientModule" class="runner.Local_Host"/>
      </group> <!-- patient -->
      <group name="healthrec">
        <method signature="Local_Host.HealthRec()[pri:2, instance:runner.Local_Host@65055d8f]" name="HealthRec" class="runner.Local_Host"/>
      </group> <!-- healthrec -->
      <group name="message">
        <method signature="Local_Host.Message()[pri:6, instance:runner.Local_Host@65055d8f]" name="Message" class="runner.Local_Host"/>
      </group> <!-- message -->
      <group name="billing">
        <method signature="Local_Host.BillingModule()[pri:4, instance:runner.Local_Host@65055d8f]" name="BillingModule" class="runner.Local_Host"/>
      </group> <!-- billing -->
      <group name="home">
        <method signature="Local_Host.HomeModule()[pri:0, instance:runner.Local_Host@65055d8f]" name="HomeModule" class="runner.Local_Host"/>
      </group> <!-- home -->
    </groups>
    <test name="Gradle test" duration-ms="1" started-at="2023-03-06T07:51:08Z" finished-at="2023-03-06T07:51:08Z">
    </test> <!-- Gradle test -->
  </suite> <!-- Gradle suite -->
</testng-results>
