<?xml version="1.0" encoding="UTF-8"?>
<!-- Generated by org.testng.reporters.JUnitXMLReporter -->
<testsuite hostname="LAPTOP-Q33L4MJO" ignored="0" name="FAvoriteKpop2Scenario" tests="10" failures="0" timestamp="31 Mar 2023 13:27:09 GMT" time="103.033" errors="0">
  <testcase name="favoriteVisitReason" time="5.748" classname="com.healthRec.Tc_025_FavoriteKpopScenarios"/>
  <testcase name="favoriteVaccine" time="10.133" classname="com.healthRec.Tc_025_FavoriteKpopScenarios"/>
  <testcase name="favoriteSympytoms" time="8.789" classname="com.healthRec.Tc_025_FavoriteKpopScenarios"/>
  <testcase name="favoriteProcedure" time="10.956" classname="com.healthRec.Tc_025_FavoriteKpopScenarios"/>
  <testcase name="favoriteGoals" time="6.194" classname="com.healthRec.Tc_025_FavoriteKpopScenarios"/>
  <testcase name="favoriteStatus" time="7.784" classname="com.healthRec.Tc_025_FavoriteKpopScenarios"/>
  <testcase name="favoriteProblems" time="25.577" classname="com.healthRec.Tc_025_FavoriteKpopScenarios"/>
  <testcase name="favoriteAdvaceDirectives" time="9.921" classname="com.healthRec.Tc_025_FavoriteKpopScenarios"/>
  <testcase name="favoriteNotes" time="4.722" classname="com.healthRec.Tc_025_FavoriteKpopScenarios"/>
  <testcase name="favoritePhusicalExamination" time="13.186" classname="com.healthRec.Tc_025_FavoriteKpopScenarios"/>
</testsuite> <!-- FAvoriteKpop2Scenario -->
