<?xml version="1.0" encoding="UTF-8"?>
<!-- Generated by org.testng.reporters.JUnitXMLReporter -->
<testsuite hostname="LAPTOP-Q33L4MJO" ignored="0" name="Health_Record_ui" tests="2" failures="0" timestamp="31 Mar 2023 13:21:14 GMT" time="23.555" errors="0">
  <testcase name="tc_001_verifyTheHaelthRecordCount" time="11.162" classname="com.healthRec.Tc_000_HealthRecordUi"/>
  <testcase name="verifyAndShowTheHidedOptions" time="12.391" classname="com.healthRec.Tc_000_HealthRecordUi"/>
</testsuite> <!-- Health_Record_ui -->
