<?xml version="1.0" encoding="UTF-8"?>
<!-- Generated by org.testng.reporters.JUnitXMLReporter -->
<testsuite hostname="LAPTOP-Q33L4MJO" ignored="0" name="PastCuredAndCompleted" tests="5" failures="0" timestamp="31 Mar 2023 13:24:33 GMT" time="32.913" errors="0">
  <testcase name="pastVaccine" time="7.795" classname="com.healthRec.Tc_024_GetPastCured_Complted"/>
  <testcase name="pastSymptoms" time="6.184" classname="com.healthRec.Tc_024_GetPastCured_Complted"/>
  <testcase name="pastCuredProcedure" time="3.654" classname="com.healthRec.Tc_024_GetPastCured_Complted"/>
  <testcase name="pastGoals" time="5.011" classname="com.healthRec.Tc_024_GetPastCured_Complted"/>
  <testcase name="pastMedication" time="10.258" classname="com.healthRec.Tc_024_GetPastCured_Complted"/>
</testsuite> <!-- PastCuredAndCompleted -->
