<?xml version="1.0" encoding="UTF-8"?>
<!-- Generated by org.testng.reporters.JUnitXMLReporter -->
<testsuite hostname="LAPTOP-Q33L4MJO" ignored="7" name="Test" tests="1" failures="0" timestamp="29 Mar 2023 14:09:12 GMT" time="53.07" errors="0">
  <testcase name="HomeModule" time="53.046" classname="org.SmokeTesting.Local_Host"/>
  <testcase name="TeleDoctor" time="0.0" classname="org.SmokeTesting.Local_Host">
    <ignored/>
  </testcase> <!-- TeleDoctor -->
  <testcase name="Settings" time="0.0" classname="org.SmokeTesting.Local_Host">
    <ignored/>
  </testcase> <!-- Settings -->
  <testcase name="calendar" time="0.0" classname="org.SmokeTesting.Local_Host">
    <ignored/>
  </testcase> <!-- calendar -->
  <testcase name="HealthRec" time="0.0" classname="org.SmokeTesting.Local_Host">
    <ignored/>
  </testcase> <!-- HealthRec -->
  <testcase name="Message" time="0.0" classname="org.SmokeTesting.Local_Host">
    <ignored/>
  </testcase> <!-- Message -->
  <testcase name="PatientModule" time="0.0" classname="org.SmokeTesting.Local_Host">
    <ignored/>
  </testcase> <!-- PatientModule -->
  <testcase name="BillingModule" time="0.0" classname="org.SmokeTesting.Local_Host">
    <ignored/>
  </testcase> <!-- BillingModule -->
</testsuite> <!-- Test -->
