<?xml version="1.0" encoding="UTF-8"?>
<!-- Generated by org.testng.reporters.JUnitXMLReporter -->
<testsuite hostname="WorkPC" ignored="8" tests="0" failures="0" timestamp="28 Dec 2022 05:33:40 GMT" time="0.013" errors="0">
  <testcase name="PatientModule" time="0.0" classname="runner.Dr_userLogin">
    <ignored/>
  </testcase> <!-- PatientModule -->
  <testcase name="BillingModule" time="0.0" classname="runner.Dr_userLogin">
    <ignored/>
  </testcase> <!-- BillingModule -->
  <testcase name="Message" time="0.0" classname="runner.Dr_userLogin">
    <ignored/>
  </testcase> <!-- Message -->
  <testcase name="calendar" time="0.0" classname="runner.Dr_userLogin">
    <ignored/>
  </testcase> <!-- calendar -->
  <testcase name="HomeModule" time="0.0" classname="runner.Dr_userLogin">
    <ignored/>
  </testcase> <!-- HomeModule -->
  <testcase name="Settings" time="0.0" classname="runner.Dr_userLogin">
    <ignored/>
  </testcase> <!-- Settings -->
  <testcase name="HealthRec" time="0.0" classname="runner.Dr_userLogin">
    <ignored/>
  </testcase> <!-- HealthRec -->
  <testcase name="TeleDoctor" time="0.0" classname="runner.Dr_userLogin">
    <ignored/>
  </testcase> <!-- TeleDoctor -->
</testsuite>
