<?xml version="1.0" encoding="UTF-8"?>
<!-- Generated by org.testng.reporters.JUnitXMLReporter -->
<testsuite hostname="LAPTOP-Q33L4MJO" ignored="0" name="Test" tests="8" failures="0" timestamp="23 Mar 2023 14:25:58 GMT" time="1099.404" errors="0">
  <testcase name="HomeModule" time="62.701" classname="runner.Local_Host"/>
  <testcase name="PatientModule" time="27.273" classname="runner.Local_Host"/>
  <testcase name="HealthRec" time="456.749" classname="runner.Local_Host"/>
  <testcase name="calendar" time="64.085" classname="runner.Local_Host"/>
  <testcase name="BillingModule" time="62.761" classname="runner.Local_Host"/>
  <testcase name="TeleDoctor" time="21.047" classname="runner.Local_Host"/>
  <testcase name="Message" time="35.387" classname="runner.Local_Host"/>
  <testcase name="Settings" time="369.366" classname="runner.Local_Host"/>
</testsuite> <!-- Test -->
