<?xml version="1.0" encoding="UTF-8"?>
<!-- Generated by org.testng.reporters.JUnitXMLReporter -->
<testsuite hostname="WorkPC" ignored="6" name="Test" tests="2" failures="0" timestamp="29 Dec 2022 12:18:10 GMT" time="83.917" errors="0">
  <testcase name="@BeforeClass LaunchBrwoser" time="0.0" classname="runner.Local_Host">
    <failure type="org.openqa.selenium.WebDriverException" message="Remote browser did not respond to getCurrentUrl
Build info: version: &amp;apos;3.141.59&amp;apos;, revision: &amp;apos;e82be7d358&amp;apos;, time: &amp;apos;2018-11-14T08:17:03&amp;apos;
System info: host: &amp;apos;WORKPC&amp;apos;, ip: &amp;apos;192.168.29.72&amp;apos;, os.name: &amp;apos;Windows 10&amp;apos;, os.arch: &amp;apos;amd64&amp;apos;, os.version: &amp;apos;10.0&amp;apos;, java.version: &amp;apos;1.8.0_331&amp;apos;
Driver info: driver.version: RemoteWebDriver">
      <![CDATA[org.openqa.selenium.WebDriverException: Remote browser did not respond to getCurrentUrl
Build info: version: '3.141.59', revision: 'e82be7d358', time: '2018-11-14T08:17:03'
System info: host: 'WORKPC', ip: '192.168.29.72', os.name: 'Windows 10', os.arch: 'amd64', os.version: '10.0', java.version: '1.8.0_331'
Driver info: driver.version: RemoteWebDriver
	at org.openqa.selenium.remote.RemoteWebDriver.getCurrentUrl(RemoteWebDriver.java:289)
	at org.Launch.LaunchBrowser.openConnection(LaunchBrowser.java:95)
	at runner.Local_Host.LaunchBrwoser(Local_Host.java:49)
... Removed 25 stack frames]]>
    </failure>
  </testcase> <!-- @BeforeClass LaunchBrwoser -->
  <testcase name="PatientModule" time="0.054" classname="runner.Local_Host">
    <skipped/>
  </testcase> <!-- PatientModule -->
  <testcase name="HealthRec" time="0.0" classname="runner.Local_Host">
    <skipped/>
  </testcase> <!-- HealthRec -->
  <testcase name="calendar" time="0.0" classname="runner.Local_Host">
    <ignored/>
  </testcase> <!-- calendar -->
  <testcase name="HomeModule" time="0.0" classname="runner.Local_Host">
    <ignored/>
  </testcase> <!-- HomeModule -->
  <testcase name="BillingModule" time="0.0" classname="runner.Local_Host">
    <ignored/>
  </testcase> <!-- BillingModule -->
  <testcase name="Message" time="0.0" classname="runner.Local_Host">
    <ignored/>
  </testcase> <!-- Message -->
  <testcase name="Settings" time="0.0" classname="runner.Local_Host">
    <ignored/>
  </testcase> <!-- Settings -->
  <testcase name="TeleDoctor" time="0.0" classname="runner.Local_Host">
    <ignored/>
  </testcase> <!-- TeleDoctor -->
</testsuite> <!-- Test -->
