<?xml version="1.0" encoding="UTF-8"?>
<!-- Generated by org.testng.reporters.JUnitXMLReporter -->
<testsuite hostname="LAPTOP-Q33L4MJO" ignored="7" name="Test" tests="1" failures="0" timestamp="02 Mar 2023 13:44:31 GMT" time="77.866" errors="0">
  <testcase name="TeleDoctor" time="49.725" classname="runner.Local_Host"/>
  <testcase name="calendar" time="0.0" classname="runner.Local_Host">
    <ignored/>
  </testcase> <!-- calendar -->
  <testcase name="PatientModule" time="0.0" classname="runner.Local_Host">
    <ignored/>
  </testcase> <!-- PatientModule -->
  <testcase name="HomeModule" time="0.0" classname="runner.Local_Host">
    <ignored/>
  </testcase> <!-- HomeModule -->
  <testcase name="HealthRec" time="0.0" classname="runner.Local_Host">
    <ignored/>
  </testcase> <!-- HealthRec -->
  <testcase name="BillingModule" time="0.0" classname="runner.Local_Host">
    <ignored/>
  </testcase> <!-- BillingModule -->
  <testcase name="Message" time="0.0" classname="runner.Local_Host">
    <ignored/>
  </testcase> <!-- Message -->
  <testcase name="Settings" time="0.0" classname="runner.Local_Host">
    <ignored/>
  </testcase> <!-- Settings -->
</testsuite> <!-- Test -->
